3.6482 	EXP 	Created window1 = Window(allowGUI=False, allowStencil=False, autoLog=True, bitsMode=UNKNOWN, blendMode='avg', color=array([ 0.,  0.,  0.]), colorSpace='rgb', fullscr=UNKNOWN, gamma=None, lms=UNKNOWN, monitor=<psychopy.monitors.calibTools.Monitor object at 0x113e011d0>, multiSample=False, name='window1', numSamples=2, pos=[0, 0], screen=0, size=array([1440,  900]), stereo=False, units=u'norm', useFBO=True, useRetina=False, viewOri=0.0, viewPos=None, viewScale=None, waitBlanking=True, winType='pyglet')
3.6482 	EXP 	window1: recordFrameIntervals = False
3.8140 	EXP 	window1: recordFrameIntervals = True
3.9975 	EXP 	window1: recordFrameIntervals = False
4.0127 	EXP 	Created polygon = Polygon(autoDraw=False, autoLog=True, closeShape=True, contrast=1.0, depth=0.0, fillColor=array([ 1.,  1.,  1.]), fillColorSpace='rgb', fillRGB=array([ 1.,  1.,  1.]), interpolate=True, lineColor=array([ 1.,  1.,  1.]), lineColorSpace='rgb', lineRGB=array([ 1.,  1.,  1.]), lineWidth=1, name='polygon', opacity=1.0, ori=array(0.0), pos=array([ 0.,  0.]), size=array([ 0.5,  0.5]), units=u'norm', vertices=ndarray(...), win=Window(...))
4.0975 	EXP 	Created text = TextStim(alignHoriz='center', alignVert='center', antialias=True, autoLog=True, bold=False, color=u'white', colorSpace='named', contrast=1.0, depth=-1.0, flipHoriz=False, flipVert=False, font=u'Arial', fontFiles=[], height=0.1, italic=False, name='text', opacity=1.0, ori=0, pos=array([ 0.,  0.]), rgb=array([ 255.,  255.,  255.]), text=u'+', units=u'norm', win=Window(...), wrapWidth=1)
4.0998 	EXP 	Imported VSTMBlockListv1.csv as conditions, 5 conditions, 5 params
4.1001 	EXP 	Created sequence: sequential, trialTypes=5, nReps=1, seed=None
4.1005 	EXP 	New trial (rep=0, index=0): {'Load': 45, 'Trial': 1, 'Probe': 1, 'corr': u'left', 'ITI': 1}
4.1141 	EXP 	polygon: autoDraw = True
5.1143 	EXP 	polygon: autoDraw = False
5.1162 	EXP 	window1: blendMode = 'avg'
5.1312 	EXP 	text: autoDraw = True
5.1324 	EXP 	window1: blendMode = 'avg'
5.1488 	EXP 	window1: blendMode = 'avg'
5.1654 	EXP 	window1: blendMode = 'avg'
5.1824 	EXP 	window1: blendMode = 'avg'
5.1988 	EXP 	window1: blendMode = 'avg'
5.2152 	EXP 	window1: blendMode = 'avg'
5.2323 	EXP 	window1: blendMode = 'avg'
5.2488 	EXP 	window1: blendMode = 'avg'
5.2657 	EXP 	window1: blendMode = 'avg'
5.2821 	EXP 	window1: blendMode = 'avg'
5.2987 	EXP 	window1: blendMode = 'avg'
5.3155 	EXP 	window1: blendMode = 'avg'
5.3319 	EXP 	window1: blendMode = 'avg'
5.3488 	EXP 	window1: blendMode = 'avg'
5.3653 	EXP 	window1: blendMode = 'avg'
5.3822 	EXP 	window1: blendMode = 'avg'
5.3985 	EXP 	window1: blendMode = 'avg'
5.4152 	EXP 	window1: blendMode = 'avg'
5.4319 	EXP 	window1: blendMode = 'avg'
5.4483 	EXP 	window1: blendMode = 'avg'
5.4655 	EXP 	window1: blendMode = 'avg'
5.4820 	EXP 	window1: blendMode = 'avg'
5.4987 	EXP 	window1: blendMode = 'avg'
5.5155 	EXP 	window1: blendMode = 'avg'
5.5321 	EXP 	window1: blendMode = 'avg'
5.5487 	EXP 	window1: blendMode = 'avg'
5.5653 	EXP 	window1: blendMode = 'avg'
5.5822 	EXP 	window1: blendMode = 'avg'
5.5986 	EXP 	window1: blendMode = 'avg'
5.6156 	EXP 	window1: blendMode = 'avg'
5.6320 	EXP 	window1: blendMode = 'avg'
5.6486 	EXP 	window1: blendMode = 'avg'
5.6654 	EXP 	window1: blendMode = 'avg'
5.6822 	EXP 	window1: blendMode = 'avg'
5.6988 	EXP 	window1: blendMode = 'avg'
5.7156 	EXP 	window1: blendMode = 'avg'
5.7322 	EXP 	window1: blendMode = 'avg'
5.7485 	EXP 	window1: blendMode = 'avg'
5.7654 	EXP 	window1: blendMode = 'avg'
5.7821 	EXP 	window1: blendMode = 'avg'
5.7987 	EXP 	window1: blendMode = 'avg'
5.8156 	EXP 	window1: blendMode = 'avg'
5.8319 	EXP 	window1: blendMode = 'avg'
5.8489 	EXP 	window1: blendMode = 'avg'
5.8658 	EXP 	window1: blendMode = 'avg'
5.8823 	EXP 	window1: blendMode = 'avg'
5.8990 	EXP 	window1: blendMode = 'avg'
5.9155 	EXP 	window1: blendMode = 'avg'
5.9320 	EXP 	window1: blendMode = 'avg'
5.9491 	EXP 	window1: blendMode = 'avg'
5.9655 	EXP 	window1: blendMode = 'avg'
5.9819 	EXP 	window1: blendMode = 'avg'
5.9989 	EXP 	window1: blendMode = 'avg'
6.0155 	EXP 	window1: blendMode = 'avg'
6.0319 	EXP 	window1: blendMode = 'avg'
6.0489 	EXP 	window1: blendMode = 'avg'
6.0653 	EXP 	window1: blendMode = 'avg'
6.0822 	EXP 	window1: blendMode = 'avg'
6.1145 	EXP 	text: autoDraw = False
7.9099 	DATA 	Keypress: left
7.9110 	EXP 	New trial (rep=0, index=1): {'Load': 35, 'Trial': 2, 'Probe': 0, 'corr': u'down', 'ITI': 1}
7.9313 	EXP 	polygon: autoDraw = False
7.9313 	EXP 	text: autoDraw = False
7.9313 	EXP 	polygon: autoDraw = True
8.9154 	EXP 	window1: blendMode = 'avg'
8.9313 	EXP 	polygon: autoDraw = False
8.9313 	EXP 	text: autoDraw = True
8.9320 	EXP 	window1: blendMode = 'avg'
8.9487 	EXP 	window1: blendMode = 'avg'
8.9656 	EXP 	window1: blendMode = 'avg'
8.9827 	EXP 	window1: blendMode = 'avg'
8.9993 	EXP 	window1: blendMode = 'avg'
9.0162 	EXP 	window1: blendMode = 'avg'
9.0326 	EXP 	window1: blendMode = 'avg'
9.0492 	EXP 	window1: blendMode = 'avg'
9.0662 	EXP 	window1: blendMode = 'avg'
9.0826 	EXP 	window1: blendMode = 'avg'
9.0996 	EXP 	window1: blendMode = 'avg'
9.1159 	EXP 	window1: blendMode = 'avg'
9.1326 	EXP 	window1: blendMode = 'avg'
9.1494 	EXP 	window1: blendMode = 'avg'
9.1660 	EXP 	window1: blendMode = 'avg'
9.1830 	EXP 	window1: blendMode = 'avg'
9.1994 	EXP 	window1: blendMode = 'avg'
9.2163 	EXP 	window1: blendMode = 'avg'
9.2326 	EXP 	window1: blendMode = 'avg'
9.2493 	EXP 	window1: blendMode = 'avg'
9.2659 	EXP 	window1: blendMode = 'avg'
9.2825 	EXP 	window1: blendMode = 'avg'
9.2991 	EXP 	window1: blendMode = 'avg'
9.3161 	EXP 	window1: blendMode = 'avg'
9.3323 	EXP 	window1: blendMode = 'avg'
9.3489 	EXP 	window1: blendMode = 'avg'
9.3655 	EXP 	window1: blendMode = 'avg'
9.3828 	EXP 	window1: blendMode = 'avg'
9.3994 	EXP 	window1: blendMode = 'avg'
9.4162 	EXP 	window1: blendMode = 'avg'
9.4327 	EXP 	window1: blendMode = 'avg'
9.4493 	EXP 	window1: blendMode = 'avg'
9.4661 	EXP 	window1: blendMode = 'avg'
9.4830 	EXP 	window1: blendMode = 'avg'
9.4994 	EXP 	window1: blendMode = 'avg'
9.5162 	EXP 	window1: blendMode = 'avg'
9.5327 	EXP 	window1: blendMode = 'avg'
9.5494 	EXP 	window1: blendMode = 'avg'
9.5660 	EXP 	window1: blendMode = 'avg'
9.5828 	EXP 	window1: blendMode = 'avg'
9.5994 	EXP 	window1: blendMode = 'avg'
9.6161 	EXP 	window1: blendMode = 'avg'
9.6327 	EXP 	window1: blendMode = 'avg'
9.6493 	EXP 	window1: blendMode = 'avg'
9.6661 	EXP 	window1: blendMode = 'avg'
9.6831 	EXP 	window1: blendMode = 'avg'
9.6994 	EXP 	window1: blendMode = 'avg'
9.7163 	EXP 	window1: blendMode = 'avg'
9.7327 	EXP 	window1: blendMode = 'avg'
9.7494 	EXP 	window1: blendMode = 'avg'
9.7664 	EXP 	window1: blendMode = 'avg'
9.7827 	EXP 	window1: blendMode = 'avg'
9.7995 	EXP 	window1: blendMode = 'avg'
9.8164 	EXP 	window1: blendMode = 'avg'
9.8327 	EXP 	window1: blendMode = 'avg'
9.8493 	EXP 	window1: blendMode = 'avg'
9.8661 	EXP 	window1: blendMode = 'avg'
9.8828 	EXP 	window1: blendMode = 'avg'
9.8997 	EXP 	window1: blendMode = 'avg'
9.9315 	EXP 	text: autoDraw = False
10.6998 	DATA 	Keypress: down
11.8670 	DATA 	Keypress: left
11.8680 	EXP 	New trial (rep=0, index=2): {'Load': 42, 'Trial': 3, 'Probe': 1, 'corr': u'left', 'ITI': 1}
11.8820 	EXP 	polygon: autoDraw = False
11.8820 	EXP 	text: autoDraw = False
11.8820 	EXP 	polygon: autoDraw = True
12.8823 	EXP 	polygon: autoDraw = False
12.8836 	EXP 	window1: blendMode = 'avg'
12.8988 	EXP 	text: autoDraw = True
12.9000 	EXP 	window1: blendMode = 'avg'
12.9165 	EXP 	window1: blendMode = 'avg'
12.9332 	EXP 	window1: blendMode = 'avg'
12.9500 	EXP 	window1: blendMode = 'avg'
12.9665 	EXP 	window1: blendMode = 'avg'
12.9836 	EXP 	window1: blendMode = 'avg'
12.9999 	EXP 	window1: blendMode = 'avg'
13.0169 	EXP 	window1: blendMode = 'avg'
13.0334 	EXP 	window1: blendMode = 'avg'
13.0500 	EXP 	window1: blendMode = 'avg'
13.0666 	EXP 	window1: blendMode = 'avg'
13.0835 	EXP 	window1: blendMode = 'avg'
13.0999 	EXP 	window1: blendMode = 'avg'
13.1167 	EXP 	window1: blendMode = 'avg'
13.1334 	EXP 	window1: blendMode = 'avg'
13.1500 	EXP 	window1: blendMode = 'avg'
13.1666 	EXP 	window1: blendMode = 'avg'
13.1832 	EXP 	window1: blendMode = 'avg'
13.2002 	EXP 	window1: blendMode = 'avg'
13.2166 	EXP 	window1: blendMode = 'avg'
13.2332 	EXP 	window1: blendMode = 'avg'
13.2500 	EXP 	window1: blendMode = 'avg'
13.2671 	EXP 	window1: blendMode = 'avg'
13.2834 	EXP 	window1: blendMode = 'avg'
13.2999 	EXP 	window1: blendMode = 'avg'
13.3165 	EXP 	window1: blendMode = 'avg'
13.3333 	EXP 	window1: blendMode = 'avg'
13.3499 	EXP 	window1: blendMode = 'avg'
13.3669 	EXP 	window1: blendMode = 'avg'
13.3833 	EXP 	window1: blendMode = 'avg'
13.4003 	EXP 	window1: blendMode = 'avg'
13.4167 	EXP 	window1: blendMode = 'avg'
13.4334 	EXP 	window1: blendMode = 'avg'
13.4499 	EXP 	window1: blendMode = 'avg'
13.4668 	EXP 	window1: blendMode = 'avg'
13.4832 	EXP 	window1: blendMode = 'avg'
13.5000 	EXP 	window1: blendMode = 'avg'
13.5169 	EXP 	window1: blendMode = 'avg'
13.5334 	EXP 	window1: blendMode = 'avg'
13.5500 	EXP 	window1: blendMode = 'avg'
13.5665 	EXP 	window1: blendMode = 'avg'
13.5829 	EXP 	window1: blendMode = 'avg'
13.6001 	EXP 	window1: blendMode = 'avg'
13.6165 	EXP 	window1: blendMode = 'avg'
13.6331 	EXP 	window1: blendMode = 'avg'
13.6499 	EXP 	window1: blendMode = 'avg'
13.6663 	EXP 	window1: blendMode = 'avg'
13.6834 	EXP 	window1: blendMode = 'avg'
13.7000 	EXP 	window1: blendMode = 'avg'
13.7169 	EXP 	window1: blendMode = 'avg'
13.7335 	EXP 	window1: blendMode = 'avg'
13.7500 	EXP 	window1: blendMode = 'avg'
13.7670 	EXP 	window1: blendMode = 'avg'
13.7835 	EXP 	window1: blendMode = 'avg'
13.8000 	EXP 	window1: blendMode = 'avg'
13.8171 	EXP 	window1: blendMode = 'avg'
13.8336 	EXP 	window1: blendMode = 'avg'
13.8502 	EXP 	window1: blendMode = 'avg'
13.8824 	EXP 	text: autoDraw = False
14.5176 	DATA 	Keypress: escape
