3.7340 	EXP 	Created window1 = Window(allowGUI=False, allowStencil=False, autoLog=True, bitsMode=UNKNOWN, blendMode='avg', color=array([ 0.,  0.,  0.]), colorSpace='rgb', fullscr=UNKNOWN, gamma=None, lms=UNKNOWN, monitor=<psychopy.monitors.calibTools.Monitor object at 0x113d801d0>, multiSample=False, name='window1', numSamples=2, pos=[0, 0], screen=0, size=array([1440,  900]), stereo=False, units=u'norm', useFBO=True, useRetina=False, viewOri=0.0, viewPos=None, viewScale=None, waitBlanking=True, winType='pyglet')
3.7340 	EXP 	window1: recordFrameIntervals = False
3.8992 	EXP 	window1: recordFrameIntervals = True
4.0830 	EXP 	window1: recordFrameIntervals = False
4.1006 	EXP 	Created polygon = Polygon(autoDraw=False, autoLog=True, closeShape=True, contrast=1.0, depth=0.0, fillColor=array([ 1.,  1.,  1.]), fillColorSpace='rgb', fillRGB=array([ 1.,  1.,  1.]), interpolate=True, lineColor=array([ 1.,  1.,  1.]), lineColorSpace='rgb', lineRGB=array([ 1.,  1.,  1.]), lineWidth=1, name='polygon', opacity=1.0, ori=array(0.0), pos=array([ 0.,  0.]), size=array([ 0.5,  0.5]), units=u'norm', vertices=ndarray(...), win=Window(...))
4.1096 	EXP 	<method-wrapper '__getattribute__' of attributeSetter object at 0x110d9ecd0>: vertices = array([[-0.25,  0.25],
       [ 0.25,  0.25],
       [ 0.25, -0.25],
       [-0.25, -0.25]])
4.1123 	EXP 	Created polygon_2 = Rect(autoDraw=False, autoLog=True, closeShape=True, contrast=1.0, depth=-1.0, fillColor=array([ 1.,  1.,  1.]), fillColorSpace='rgb', fillRGB=array([ 1.,  1.,  1.]), interpolate=True, lineColor=array([ 1.,  1.,  1.]), lineColorSpace='rgb', lineRGB=array([ 1.,  1.,  1.]), lineWidth=1, name='polygon_2', opacity=1.0, ori=array(0.0), pos=array([ 0.,  0.]), size=array([ 1.,  1.]), units=u'norm', vertices=ndarray(...), win=Window(...))
4.1212 	EXP 	Created dots = DotStim(autoLog=True, coherence=1.0, color=array([ 1.,  1.,  1.]), colorSpace='rgb', contrast=1.0, depth=-2.0, dir=0.0, dotLife=3, dotSize=2, element=None, fieldPos=array([ 0.,  0.]), fieldShape='circle', fieldSize=array([ 1.,  1.]), nDots=49, name='dots', noiseDots='direction', opacity=1.0, rgb=array([ 1.,  1.,  1.]), signalDots='same', speed=0.0, units=u'norm', win=Window(...))
4.1327 	EXP 	polygon: autoDraw = True
4.1327 	EXP 	dots: autoDraw = True
5.1328 	EXP 	polygon: autoDraw = False
5.1328 	EXP 	dots: autoDraw = False
6.1496 	EXP 	polygon_2: autoDraw = True
7.1201 	EXP 	window1: mouseVisible = True
3.6757 	EXP 	Created window1 = Window(allowGUI=False, allowStencil=False, autoLog=True, bitsMode=UNKNOWN, blendMode='avg', color=array([ 0.,  0.,  0.]), colorSpace='rgb', fullscr=UNKNOWN, gamma=None, lms=UNKNOWN, monitor=<psychopy.monitors.calibTools.Monitor object at 0x113ec21d0>, multiSample=False, name='window1', numSamples=2, pos=[0, 0], screen=0, size=array([1440,  900]), stereo=False, units=u'norm', useFBO=True, useRetina=False, viewOri=0.0, viewPos=None, viewScale=None, waitBlanking=True, winType='pyglet')
3.6757 	EXP 	window1: recordFrameIntervals = False
3.8412 	EXP 	window1: recordFrameIntervals = True
4.0249 	EXP 	window1: recordFrameIntervals = False
4.0400 	EXP 	Created polygon = Polygon(autoDraw=False, autoLog=True, closeShape=True, contrast=1.0, depth=0.0, fillColor=array([ 1.,  1.,  1.]), fillColorSpace='rgb', fillRGB=array([ 1.,  1.,  1.]), interpolate=True, lineColor=array([ 1.,  1.,  1.]), lineColorSpace='rgb', lineRGB=array([ 1.,  1.,  1.]), lineWidth=1, name='polygon', opacity=1.0, ori=array(0.0), pos=array([ 0.,  0.]), size=array([ 0.5,  0.5]), units=u'norm', vertices=ndarray(...), win=Window(...))
4.0410 	EXP 	<method-wrapper '__getattribute__' of attributeSetter object at 0x111597cd0>: vertices = array([[-0.25,  0.25],
       [ 0.25,  0.25],
       [ 0.25, -0.25],
       [-0.25, -0.25]])
4.0438 	EXP 	Created polygon_2 = Rect(autoDraw=False, autoLog=True, closeShape=True, contrast=1.0, depth=-1.0, fillColor=array([ 1.,  1.,  1.]), fillColorSpace='rgb', fillRGB=array([ 1.,  1.,  1.]), interpolate=True, lineColor=array([ 1.,  1.,  1.]), lineColorSpace='rgb', lineRGB=array([ 1.,  1.,  1.]), lineWidth=1, name='polygon_2', opacity=1.0, ori=array(0.0), pos=array([ 0.,  0.]), size=array([ 1.,  1.]), units=u'norm', vertices=ndarray(...), win=Window(...))
4.0487 	EXP 	Created dots = DotStim(autoLog=True, coherence=1.0, color=array([ 1.,  1.,  1.]), colorSpace='rgb', contrast=1.0, depth=-2.0, dir=0.0, dotLife=3, dotSize=2, element=None, fieldPos=array([ 0.,  0.]), fieldShape='circle', fieldSize=array([ 1.,  1.]), nDots=49, name='dots', noiseDots='direction', opacity=1.0, rgb=array([ 1.,  1.,  1.]), signalDots='same', speed=0.0, units=u'norm', win=Window(...))
4.0556 	EXP 	polygon: autoDraw = True
4.0556 	EXP 	dots: autoDraw = True
5.0581 	EXP 	polygon: autoDraw = False
5.0581 	EXP 	dots: autoDraw = False
6.0753 	EXP 	polygon_2: autoDraw = True
6.0866 	DATA 	Keypress: escape
